{"C:\\Users\\Localuser\\code\\nodejs\\index.js": {"path":"C:\\Users\\Localuser\\code\\nodejs\\index.js","statementMap":{"0":{"start":{"line":1,"column":16},"end":{"line":2,"column":41}},"1":{"start":{"line":3,"column":0},"end":{"line":3,"column":40}},"2":{"start":{"line":4,"column":16},"end":{"line":4,"column":34}},"3":{"start":{"line":5,"column":12},"end":{"line":5,"column":21}},"4":{"start":{"line":6,"column":13},"end":{"line":6,"column":28}},"5":{"start":{"line":7,"column":13},"end":{"line":7,"column":28}},"6":{"start":{"line":8,"column":15},"end":{"line":8,"column":38}},"7":{"start":{"line":9,"column":21},"end":{"line":9,"column":62}},"8":{"start":{"line":11,"column":24},"end":{"line":11,"column":35}},"9":{"start":{"line":16,"column":0},"end":{"line":16,"column":32}},"10":{"start":{"line":18,"column":0},"end":{"line":18,"column":15}},"11":{"start":{"line":19,"column":0},"end":{"line":19,"column":24}},"12":{"start":{"line":21,"column":0},"end":{"line":21,"column":70}},"13":{"start":{"line":23,"column":0},"end":{"line":25,"column":2}},"14":{"start":{"line":24,"column":2},"end":{"line":24,"column":40}},"15":{"start":{"line":27,"column":0},"end":{"line":27,"column":26}},"16":{"start":{"line":30,"column":0},"end":{"line":30,"column":21}},"17":{"start":{"line":32,"column":0},"end":{"line":34,"column":2}},"18":{"start":{"line":33,"column":2},"end":{"line":33,"column":58}},"19":{"start":{"line":36,"column":15},"end":{"line":38,"column":2}},"20":{"start":{"line":37,"column":2},"end":{"line":37,"column":65}},"21":{"start":{"line":40,"column":0},"end":{"line":40,"column":24}}},"fnMap":{"0":{"name":"(anonymous_0)","decl":{"start":{"line":23,"column":13},"end":{"line":23,"column":14}},"loc":{"start":{"line":23,"column":33},"end":{"line":25,"column":1}},"line":23},"1":{"name":"(anonymous_1)","decl":{"start":{"line":32,"column":8},"end":{"line":32,"column":9}},"loc":{"start":{"line":32,"column":28},"end":{"line":34,"column":1}},"line":32},"2":{"name":"(anonymous_2)","decl":{"start":{"line":36,"column":32},"end":{"line":36,"column":33}},"loc":{"start":{"line":36,"column":38},"end":{"line":38,"column":1}},"line":36}},"branchMap":{"0":{"loc":{"start":{"line":1,"column":16},"end":{"line":2,"column":41}},"type":"cond-expr","locations":[{"start":{"line":2,"column":2},"end":{"line":2,"column":8}},{"start":{"line":2,"column":11},"end":{"line":2,"column":41}}],"line":1},"1":{"loc":{"start":{"line":11,"column":8},"end":{"line":11,"column":19}},"type":"default-arg","locations":[{"start":{"line":11,"column":15},"end":{"line":11,"column":19}}],"line":11}},"s":{"0":1,"1":1,"2":1,"3":1,"4":1,"5":1,"6":1,"7":1,"8":1,"9":1,"10":1,"11":1,"12":1,"13":1,"14":0,"15":1,"16":1,"17":1,"18":0,"19":1,"20":1,"21":1},"f":{"0":0,"1":0,"2":1},"b":{"0":[0,1],"1":[1]},"_coverageSchema":"1a1c01bbd47fc00a2c39e90264f33305004495a9","hash":"3f5f7b8f84446b705915d20e3fff8c5823038354"}
,"C:\\Users\\Localuser\\code\\nodejs\\src\\controllers\\base.js": {"path":"C:\\Users\\Localuser\\code\\nodejs\\src\\controllers\\base.js","statementMap":{"0":{"start":{"line":2,"column":24},"end":{"line":2,"column":63}},"1":{"start":{"line":3,"column":19},"end":{"line":3,"column":55}},"2":{"start":{"line":4,"column":35},"end":{"line":4,"column":61}},"3":{"start":{"line":5,"column":19},"end":{"line":5,"column":44}},"4":{"start":{"line":9,"column":4},"end":{"line":9,"column":23}},"5":{"start":{"line":10,"column":4},"end":{"line":10,"column":33}},"6":{"start":{"line":13,"column":11},"end":{"line":58,"column":3}},"7":{"start":{"line":14,"column":4},"end":{"line":57,"column":5}},"8":{"start":{"line":21,"column":10},"end":{"line":21,"column":19}},"9":{"start":{"line":23,"column":6},"end":{"line":23,"column":51}},"10":{"start":{"line":23,"column":17},"end":{"line":23,"column":51}},"11":{"start":{"line":24,"column":6},"end":{"line":29,"column":7}},"12":{"start":{"line":25,"column":8},"end":{"line":28,"column":9}},"13":{"start":{"line":31,"column":35},"end":{"line":39,"column":8}},"14":{"start":{"line":41,"column":6},"end":{"line":54,"column":8}},"15":{"start":{"line":56,"column":6},"end":{"line":56,"column":33}},"16":{"start":{"line":60,"column":8},"end":{"line":77,"column":3}},"17":{"start":{"line":61,"column":4},"end":{"line":76,"column":5}},"18":{"start":{"line":62,"column":21},"end":{"line":62,"column":31}},"19":{"start":{"line":63,"column":23},"end":{"line":63,"column":51}},"20":{"start":{"line":64,"column":6},"end":{"line":66,"column":7}},"21":{"start":{"line":65,"column":8},"end":{"line":65,"column":80}},"22":{"start":{"line":67,"column":6},"end":{"line":73,"column":8}},"23":{"start":{"line":75,"column":6},"end":{"line":75,"column":33}},"24":{"start":{"line":79,"column":11},"end":{"line":98,"column":3}},"25":{"start":{"line":80,"column":4},"end":{"line":97,"column":5}},"26":{"start":{"line":81,"column":19},"end":{"line":85,"column":7}},"27":{"start":{"line":86,"column":23},"end":{"line":86,"column":49}},"28":{"start":{"line":88,"column":6},"end":{"line":94,"column":8}},"29":{"start":{"line":96,"column":6},"end":{"line":96,"column":33}},"30":{"start":{"line":100,"column":11},"end":{"line":127,"column":3}},"31":{"start":{"line":101,"column":19},"end":{"line":101,"column":29}},"32":{"start":{"line":102,"column":4},"end":{"line":126,"column":5}},"33":{"start":{"line":103,"column":19},"end":{"line":107,"column":7}},"34":{"start":{"line":108,"column":23},"end":{"line":108,"column":56}},"35":{"start":{"line":110,"column":6},"end":{"line":116,"column":8}},"36":{"start":{"line":119,"column":6},"end":{"line":123,"column":7}},"37":{"start":{"line":120,"column":8},"end":{"line":122,"column":9}},"38":{"start":{"line":121,"column":10},"end":{"line":121,"column":78}},"39":{"start":{"line":125,"column":6},"end":{"line":125,"column":33}},"40":{"start":{"line":129,"column":11},"end":{"line":150,"column":3}},"41":{"start":{"line":130,"column":19},"end":{"line":130,"column":29}},"42":{"start":{"line":131,"column":4},"end":{"line":149,"column":5}},"43":{"start":{"line":132,"column":23},"end":{"line":132,"column":50}},"44":{"start":{"line":134,"column":6},"end":{"line":140,"column":8}},"45":{"start":{"line":143,"column":6},"end":{"line":147,"column":7}},"46":{"start":{"line":144,"column":8},"end":{"line":146,"column":9}},"47":{"start":{"line":145,"column":10},"end":{"line":145,"column":78}},"48":{"start":{"line":148,"column":6},"end":{"line":148,"column":33}},"49":{"start":{"line":152,"column":11},"end":{"line":173,"column":3}},"50":{"start":{"line":153,"column":4},"end":{"line":172,"column":5}},"51":{"start":{"line":159,"column":10},"end":{"line":159,"column":19}},"52":{"start":{"line":161,"column":35},"end":{"line":169,"column":10}},"53":{"start":{"line":171,"column":6},"end":{"line":171,"column":41}},"54":{"start":{"line":175,"column":11},"end":{"line":205,"column":3}},"55":{"start":{"line":176,"column":4},"end":{"line":204,"column":5}},"56":{"start":{"line":177,"column":23},"end":{"line":177,"column":26}},"57":{"start":{"line":178,"column":26},"end":{"line":181,"column":7}},"58":{"start":{"line":183,"column":6},"end":{"line":185,"column":7}},"59":{"start":{"line":184,"column":8},"end":{"line":184,"column":60}},"60":{"start":{"line":187,"column":19},"end":{"line":187,"column":33}},"61":{"start":{"line":189,"column":6},"end":{"line":189,"column":82}},"62":{"start":{"line":189,"column":18},"end":{"line":189,"column":81}},"63":{"start":{"line":191,"column":25},"end":{"line":191,"column":55}},"64":{"start":{"line":193,"column":6},"end":{"line":200,"column":8}},"65":{"start":{"line":202,"column":6},"end":{"line":202,"column":20}},"66":{"start":{"line":203,"column":6},"end":{"line":203,"column":51}},"67":{"start":{"line":211,"column":17},"end":{"line":220,"column":3}},"68":{"start":{"line":212,"column":14},"end":{"line":215,"column":5}},"69":{"start":{"line":217,"column":4},"end":{"line":219,"column":5}},"70":{"start":{"line":218,"column":37},"end":{"line":218,"column":47}},"71":{"start":{"line":223,"column":4},"end":{"line":229,"column":6}},"72":{"start":{"line":233,"column":0},"end":{"line":233,"column":32}}},"fnMap":{"0":{"name":"(anonymous_0)","decl":{"start":{"line":8,"column":2},"end":{"line":8,"column":3}},"loc":{"start":{"line":8,"column":21},"end":{"line":11,"column":3}},"line":8},"1":{"name":"(anonymous_1)","decl":{"start":{"line":13,"column":11},"end":{"line":13,"column":12}},"loc":{"start":{"line":13,"column":37},"end":{"line":58,"column":3}},"line":13},"2":{"name":"(anonymous_2)","decl":{"start":{"line":60,"column":8},"end":{"line":60,"column":9}},"loc":{"start":{"line":60,"column":34},"end":{"line":77,"column":3}},"line":60},"3":{"name":"(anonymous_3)","decl":{"start":{"line":79,"column":11},"end":{"line":79,"column":12}},"loc":{"start":{"line":79,"column":37},"end":{"line":98,"column":3}},"line":79},"4":{"name":"(anonymous_4)","decl":{"start":{"line":100,"column":11},"end":{"line":100,"column":12}},"loc":{"start":{"line":100,"column":37},"end":{"line":127,"column":3}},"line":100},"5":{"name":"(anonymous_5)","decl":{"start":{"line":129,"column":11},"end":{"line":129,"column":12}},"loc":{"start":{"line":129,"column":37},"end":{"line":150,"column":3}},"line":129},"6":{"name":"(anonymous_6)","decl":{"start":{"line":152,"column":11},"end":{"line":152,"column":12}},"loc":{"start":{"line":152,"column":22},"end":{"line":173,"column":3}},"line":152},"7":{"name":"(anonymous_7)","decl":{"start":{"line":153,"column":11},"end":{"line":153,"column":12}},"loc":{"start":{"line":153,"column":36},"end":{"line":172,"column":5}},"line":153},"8":{"name":"(anonymous_8)","decl":{"start":{"line":175,"column":11},"end":{"line":175,"column":12}},"loc":{"start":{"line":175,"column":36},"end":{"line":205,"column":3}},"line":175},"9":{"name":"(anonymous_9)","decl":{"start":{"line":211,"column":17},"end":{"line":211,"column":18}},"loc":{"start":{"line":211,"column":29},"end":{"line":220,"column":3}},"line":211},"10":{"name":"(anonymous_10)","decl":{"start":{"line":218,"column":31},"end":{"line":218,"column":32}},"loc":{"start":{"line":218,"column":37},"end":{"line":218,"column":47}},"line":218},"11":{"name":"(anonymous_11)","decl":{"start":{"line":222,"column":2},"end":{"line":222,"column":3}},"loc":{"start":{"line":222,"column":55},"end":{"line":230,"column":3}},"line":222}},"branchMap":{"0":{"loc":{"start":{"line":16,"column":8},"end":{"line":16,"column":28}},"type":"default-arg","locations":[{"start":{"line":16,"column":17},"end":{"line":16,"column":28}}],"line":16},"1":{"loc":{"start":{"line":17,"column":8},"end":{"line":17,"column":21}},"type":"default-arg","locations":[{"start":{"line":17,"column":15},"end":{"line":17,"column":21}}],"line":17},"2":{"loc":{"start":{"line":18,"column":8},"end":{"line":18,"column":16}},"type":"default-arg","locations":[{"start":{"line":18,"column":15},"end":{"line":18,"column":16}}],"line":18},"3":{"loc":{"start":{"line":19,"column":8},"end":{"line":19,"column":18}},"type":"default-arg","locations":[{"start":{"line":19,"column":16},"end":{"line":19,"column":18}}],"line":19},"4":{"loc":{"start":{"line":20,"column":8},"end":{"line":20,"column":26}},"type":"default-arg","locations":[{"start":{"line":20,"column":17},"end":{"line":20,"column":26}}],"line":20},"5":{"loc":{"start":{"line":23,"column":6},"end":{"line":23,"column":51}},"type":"if","locations":[{"start":{"line":23,"column":6},"end":{"line":23,"column":51}},{"start":{},"end":{}}],"line":23},"6":{"loc":{"start":{"line":24,"column":6},"end":{"line":29,"column":7}},"type":"if","locations":[{"start":{"line":24,"column":6},"end":{"line":29,"column":7}},{"start":{},"end":{}}],"line":24},"7":{"loc":{"start":{"line":64,"column":6},"end":{"line":66,"column":7}},"type":"if","locations":[{"start":{"line":64,"column":6},"end":{"line":66,"column":7}},{"start":{},"end":{}}],"line":64},"8":{"loc":{"start":{"line":119,"column":6},"end":{"line":123,"column":7}},"type":"if","locations":[{"start":{"line":119,"column":6},"end":{"line":123,"column":7}},{"start":{},"end":{}}],"line":119},"9":{"loc":{"start":{"line":120,"column":8},"end":{"line":122,"column":9}},"type":"if","locations":[{"start":{"line":120,"column":8},"end":{"line":122,"column":9}},{"start":{},"end":{}}],"line":120},"10":{"loc":{"start":{"line":143,"column":6},"end":{"line":147,"column":7}},"type":"if","locations":[{"start":{"line":143,"column":6},"end":{"line":147,"column":7}},{"start":{},"end":{}}],"line":143},"11":{"loc":{"start":{"line":144,"column":8},"end":{"line":146,"column":9}},"type":"if","locations":[{"start":{"line":144,"column":8},"end":{"line":146,"column":9}},{"start":{},"end":{}}],"line":144},"12":{"loc":{"start":{"line":155,"column":8},"end":{"line":155,"column":28}},"type":"default-arg","locations":[{"start":{"line":155,"column":17},"end":{"line":155,"column":28}}],"line":155},"13":{"loc":{"start":{"line":156,"column":8},"end":{"line":156,"column":21}},"type":"default-arg","locations":[{"start":{"line":156,"column":15},"end":{"line":156,"column":21}}],"line":156},"14":{"loc":{"start":{"line":157,"column":8},"end":{"line":157,"column":16}},"type":"default-arg","locations":[{"start":{"line":157,"column":15},"end":{"line":157,"column":16}}],"line":157},"15":{"loc":{"start":{"line":158,"column":8},"end":{"line":158,"column":18}},"type":"default-arg","locations":[{"start":{"line":158,"column":16},"end":{"line":158,"column":18}}],"line":158},"16":{"loc":{"start":{"line":183,"column":6},"end":{"line":185,"column":7}},"type":"if","locations":[{"start":{"line":183,"column":6},"end":{"line":185,"column":7}},{"start":{},"end":{}}],"line":183},"17":{"loc":{"start":{"line":189,"column":6},"end":{"line":189,"column":82}},"type":"if","locations":[{"start":{"line":189,"column":6},"end":{"line":189,"column":82}},{"start":{},"end":{}}],"line":189},"18":{"loc":{"start":{"line":228,"column":10},"end":{"line":228,"column":34}},"type":"binary-expr","locations":[{"start":{"line":228,"column":10},"end":{"line":228,"column":20}},{"start":{"line":228,"column":24},"end":{"line":228,"column":34}}],"line":228}},"s":{"0":1,"1":1,"2":1,"3":1,"4":5,"5":5,"6":5,"7":0,"8":0,"9":0,"10":0,"11":0,"12":0,"13":0,"14":0,"15":0,"16":5,"17":0,"18":0,"19":0,"20":0,"21":0,"22":0,"23":0,"24":5,"25":0,"26":0,"27":0,"28":0,"29":0,"30":5,"31":0,"32":0,"33":0,"34":0,"35":0,"36":0,"37":0,"38":0,"39":0,"40":5,"41":0,"42":0,"43":0,"44":0,"45":0,"46":0,"47":0,"48":0,"49":5,"50":0,"51":0,"52":0,"53":0,"54":5,"55":0,"56":0,"57":0,"58":0,"59":0,"60":0,"61":0,"62":0,"63":0,"64":0,"65":0,"66":0,"67":5,"68":0,"69":0,"70":0,"71":2,"72":1},"f":{"0":5,"1":0,"2":0,"3":0,"4":0,"5":0,"6":0,"7":0,"8":0,"9":0,"10":0,"11":2},"b":{"0":[0],"1":[0],"2":[0],"3":[0],"4":[0],"5":[0,0],"6":[0,0],"7":[0,0],"8":[0,0],"9":[0,0],"10":[0,0],"11":[0,0],"12":[0],"13":[0],"14":[0],"15":[0],"16":[0,0],"17":[0,0],"18":[2,0]},"_coverageSchema":"1a1c01bbd47fc00a2c39e90264f33305004495a9","hash":"b9de709cd869cdd323c6b8a2296af09360952f87"}
,"C:\\Users\\Localuser\\code\\nodejs\\src\\controllers\\index.js": {"path":"C:\\Users\\Localuser\\code\\nodejs\\src\\controllers\\index.js","statementMap":{"0":{"start":{"line":1,"column":13},"end":{"line":1,"column":30}},"1":{"start":{"line":2,"column":14},"end":{"line":2,"column":32}},"2":{"start":{"line":3,"column":13},"end":{"line":3,"column":30}},"3":{"start":{"line":4,"column":14},"end":{"line":4,"column":32}},"4":{"start":{"line":5,"column":15},"end":{"line":5,"column":34}},"5":{"start":{"line":7,"column":0},"end":{"line":13,"column":1}}},"fnMap":{},"branchMap":{},"s":{"0":1,"1":1,"2":1,"3":1,"4":1,"5":1},"f":{},"b":{},"_coverageSchema":"1a1c01bbd47fc00a2c39e90264f33305004495a9","hash":"c78ef7e4a3673632a5a116dcdecbebe23974fd99"}
,"C:\\Users\\Localuser\\code\\nodejs\\src\\controllers\\auth\\index.js": {"path":"C:\\Users\\Localuser\\code\\nodejs\\src\\controllers\\auth\\index.js","statementMap":{"0":{"start":{"line":1,"column":12},"end":{"line":1,"column":26}},"1":{"start":{"line":2,"column":23},"end":{"line":2,"column":41}},"2":{"start":{"line":3,"column":18},"end":{"line":3,"column":47}},"3":{"start":{"line":4,"column":16},"end":{"line":4,"column":34}},"4":{"start":{"line":5,"column":43},"end":{"line":5,"column":77}},"5":{"start":{"line":6,"column":24},"end":{"line":6,"column":55}},"6":{"start":{"line":7,"column":20},"end":{"line":7,"column":61}},"7":{"start":{"line":8,"column":24},"end":{"line":8,"column":69}},"8":{"start":{"line":9,"column":15},"end":{"line":9,"column":31}},"9":{"start":{"line":11,"column":14},"end":{"line":11,"column":29}},"10":{"start":{"line":13,"column":21},"end":{"line":22,"column":2}},"11":{"start":{"line":24,"column":21},"end":{"line":29,"column":2}},"12":{"start":{"line":33,"column":8},"end":{"line":33,"column":21}},"13":{"start":{"line":34,"column":8},"end":{"line":34,"column":75}},"14":{"start":{"line":35,"column":8},"end":{"line":35,"column":75}},"15":{"start":{"line":38,"column":13},"end":{"line":73,"column":5}},"16":{"start":{"line":39,"column":8},"end":{"line":72,"column":9}},"17":{"start":{"line":40,"column":40},"end":{"line":40,"column":48}},"18":{"start":{"line":41,"column":25},"end":{"line":45,"column":14}},"19":{"start":{"line":46,"column":12},"end":{"line":46,"column":85}},"20":{"start":{"line":46,"column":23},"end":{"line":46,"column":85}},"21":{"start":{"line":48,"column":28},"end":{"line":48,"column":72}},"22":{"start":{"line":50,"column":12},"end":{"line":50,"column":88}},"23":{"start":{"line":50,"column":26},"end":{"line":50,"column":88}},"24":{"start":{"line":52,"column":26},"end":{"line":54,"column":14}},"25":{"start":{"line":55,"column":12},"end":{"line":69,"column":14}},"26":{"start":{"line":71,"column":12},"end":{"line":71,"column":37}},"27":{"start":{"line":75,"column":13},"end":{"line":108,"column":5}},"28":{"start":{"line":76,"column":8},"end":{"line":107,"column":9}},"29":{"start":{"line":77,"column":40},"end":{"line":77,"column":48}},"30":{"start":{"line":79,"column":33},"end":{"line":79,"column":78}},"31":{"start":{"line":80,"column":12},"end":{"line":80,"column":87}},"32":{"start":{"line":80,"column":30},"end":{"line":80,"column":87}},"33":{"start":{"line":83,"column":35},"end":{"line":83,"column":70}},"34":{"start":{"line":84,"column":28},"end":{"line":88,"column":15}},"35":{"start":{"line":91,"column":12},"end":{"line":104,"column":14}},"36":{"start":{"line":106,"column":12},"end":{"line":106,"column":37}},"37":{"start":{"line":111,"column":0},"end":{"line":111,"column":26}},"38":{"start":{"line":112,"column":0},"end":{"line":112,"column":24}}},"fnMap":{"0":{"name":"(anonymous_0)","decl":{"start":{"line":32,"column":4},"end":{"line":32,"column":5}},"loc":{"start":{"line":32,"column":23},"end":{"line":36,"column":5}},"line":32},"1":{"name":"(anonymous_1)","decl":{"start":{"line":38,"column":13},"end":{"line":38,"column":14}},"loc":{"start":{"line":38,"column":39},"end":{"line":73,"column":5}},"line":38},"2":{"name":"(anonymous_2)","decl":{"start":{"line":75,"column":13},"end":{"line":75,"column":14}},"loc":{"start":{"line":75,"column":39},"end":{"line":108,"column":5}},"line":75}},"branchMap":{"0":{"loc":{"start":{"line":46,"column":12},"end":{"line":46,"column":85}},"type":"if","locations":[{"start":{"line":46,"column":12},"end":{"line":46,"column":85}},{"start":{},"end":{}}],"line":46},"1":{"loc":{"start":{"line":50,"column":12},"end":{"line":50,"column":88}},"type":"if","locations":[{"start":{"line":50,"column":12},"end":{"line":50,"column":88}},{"start":{},"end":{}}],"line":50},"2":{"loc":{"start":{"line":80,"column":12},"end":{"line":80,"column":87}},"type":"if","locations":[{"start":{"line":80,"column":12},"end":{"line":80,"column":87}},{"start":{},"end":{}}],"line":80}},"s":{"0":1,"1":1,"2":1,"3":1,"4":1,"5":1,"6":1,"7":1,"8":1,"9":1,"10":1,"11":1,"12":1,"13":1,"14":1,"15":1,"16":1,"17":1,"18":1,"19":1,"20":0,"21":1,"22":1,"23":0,"24":1,"25":1,"26":0,"27":1,"28":1,"29":1,"30":1,"31":1,"32":0,"33":1,"34":1,"35":1,"36":0,"37":1,"38":1},"f":{"0":1,"1":1,"2":1},"b":{"0":[0,1],"1":[0,1],"2":[0,1]},"_coverageSchema":"1a1c01bbd47fc00a2c39e90264f33305004495a9","hash":"37806e7525165b55876ec51bcc9e98ab04249622"}
,"C:\\Users\\Localuser\\code\\nodejs\\src\\controllers\\cars\\index.js": {"path":"C:\\Users\\Localuser\\code\\nodejs\\src\\controllers\\cars\\index.js","statementMap":{"0":{"start":{"line":1,"column":12},"end":{"line":1,"column":26}},"1":{"start":{"line":3,"column":23},"end":{"line":3,"column":41}},"2":{"start":{"line":4,"column":17},"end":{"line":4,"column":45}},"3":{"start":{"line":5,"column":16},"end":{"line":5,"column":34}},"4":{"start":{"line":6,"column":33},"end":{"line":6,"column":75}},"5":{"start":{"line":7,"column":19},"end":{"line":7,"column":54}},"6":{"start":{"line":8,"column":13},"end":{"line":8,"column":46}},"7":{"start":{"line":9,"column":13},"end":{"line":9,"column":29}},"8":{"start":{"line":11,"column":13},"end":{"line":11,"column":27}},"9":{"start":{"line":13,"column":18},"end":{"line":27,"column":2}},"10":{"start":{"line":31,"column":4},"end":{"line":31,"column":17}},"11":{"start":{"line":32,"column":4},"end":{"line":32,"column":61}},"12":{"start":{"line":33,"column":4},"end":{"line":33,"column":52}},"13":{"start":{"line":34,"column":4},"end":{"line":34,"column":96}},"14":{"start":{"line":35,"column":4},"end":{"line":35,"column":39}},"15":{"start":{"line":36,"column":4},"end":{"line":36,"column":63}},"16":{"start":{"line":37,"column":4},"end":{"line":37,"column":33}},"17":{"start":{"line":38,"column":4},"end":{"line":38,"column":98}},"18":{"start":{"line":39,"column":4},"end":{"line":39,"column":39}},"19":{"start":{"line":64,"column":17},"end":{"line":88,"column":3}},"20":{"start":{"line":65,"column":17},"end":{"line":65,"column":19}},"21":{"start":{"line":66,"column":4},"end":{"line":68,"column":5}},"22":{"start":{"line":67,"column":6},"end":{"line":67,"column":55}},"23":{"start":{"line":69,"column":4},"end":{"line":71,"column":5}},"24":{"start":{"line":70,"column":6},"end":{"line":70,"column":55}},"25":{"start":{"line":72,"column":4},"end":{"line":74,"column":5}},"26":{"start":{"line":73,"column":6},"end":{"line":73,"column":53}},"27":{"start":{"line":75,"column":4},"end":{"line":77,"column":5}},"28":{"start":{"line":76,"column":6},"end":{"line":76,"column":53}},"29":{"start":{"line":78,"column":4},"end":{"line":80,"column":5}},"30":{"start":{"line":79,"column":6},"end":{"line":79,"column":55}},"31":{"start":{"line":81,"column":4},"end":{"line":83,"column":5}},"32":{"start":{"line":82,"column":6},"end":{"line":82,"column":55}},"33":{"start":{"line":85,"column":4},"end":{"line":85,"column":42}},"34":{"start":{"line":85,"column":22},"end":{"line":85,"column":42}},"35":{"start":{"line":87,"column":4},"end":{"line":87,"column":10}},"36":{"start":{"line":91,"column":0},"end":{"line":91,"column":25}},"37":{"start":{"line":93,"column":0},"end":{"line":93,"column":23}}},"fnMap":{"0":{"name":"(anonymous_0)","decl":{"start":{"line":30,"column":2},"end":{"line":30,"column":3}},"loc":{"start":{"line":30,"column":21},"end":{"line":40,"column":3}},"line":30},"1":{"name":"(anonymous_1)","decl":{"start":{"line":64,"column":17},"end":{"line":64,"column":18}},"loc":{"start":{"line":64,"column":37},"end":{"line":88,"column":3}},"line":64}},"branchMap":{"0":{"loc":{"start":{"line":66,"column":4},"end":{"line":68,"column":5}},"type":"if","locations":[{"start":{"line":66,"column":4},"end":{"line":68,"column":5}},{"start":{},"end":{}}],"line":66},"1":{"loc":{"start":{"line":69,"column":4},"end":{"line":71,"column":5}},"type":"if","locations":[{"start":{"line":69,"column":4},"end":{"line":71,"column":5}},{"start":{},"end":{}}],"line":69},"2":{"loc":{"start":{"line":72,"column":4},"end":{"line":74,"column":5}},"type":"if","locations":[{"start":{"line":72,"column":4},"end":{"line":74,"column":5}},{"start":{},"end":{}}],"line":72},"3":{"loc":{"start":{"line":75,"column":4},"end":{"line":77,"column":5}},"type":"if","locations":[{"start":{"line":75,"column":4},"end":{"line":77,"column":5}},{"start":{},"end":{}}],"line":75},"4":{"loc":{"start":{"line":78,"column":4},"end":{"line":80,"column":5}},"type":"if","locations":[{"start":{"line":78,"column":4},"end":{"line":80,"column":5}},{"start":{},"end":{}}],"line":78},"5":{"loc":{"start":{"line":81,"column":4},"end":{"line":83,"column":5}},"type":"if","locations":[{"start":{"line":81,"column":4},"end":{"line":83,"column":5}},{"start":{},"end":{}}],"line":81},"6":{"loc":{"start":{"line":85,"column":4},"end":{"line":85,"column":42}},"type":"if","locations":[{"start":{"line":85,"column":4},"end":{"line":85,"column":42}},{"start":{},"end":{}}],"line":85}},"s":{"0":1,"1":1,"2":1,"3":1,"4":1,"5":1,"6":1,"7":1,"8":1,"9":1,"10":1,"11":1,"12":1,"13":1,"14":1,"15":1,"16":1,"17":1,"18":1,"19":1,"20":0,"21":0,"22":0,"23":0,"24":0,"25":0,"26":0,"27":0,"28":0,"29":0,"30":0,"31":0,"32":0,"33":0,"34":0,"35":0,"36":1,"37":1},"f":{"0":1,"1":0},"b":{"0":[0,0],"1":[0,0],"2":[0,0],"3":[0,0],"4":[0,0],"5":[0,0],"6":[0,0]},"_coverageSchema":"1a1c01bbd47fc00a2c39e90264f33305004495a9","hash":"ab5f1635c54268867da191b03701f1b1796fc911"}
,"C:\\Users\\Localuser\\code\\nodejs\\src\\controllers\\order\\index.js": {"path":"C:\\Users\\Localuser\\code\\nodejs\\src\\controllers\\order\\index.js","statementMap":{"0":{"start":{"line":1,"column":12},"end":{"line":1,"column":26}},"1":{"start":{"line":2,"column":16},"end":{"line":2,"column":34}},"2":{"start":{"line":4,"column":23},"end":{"line":4,"column":41}},"3":{"start":{"line":5,"column":19},"end":{"line":5,"column":48}},"4":{"start":{"line":6,"column":18},"end":{"line":6,"column":46}},"5":{"start":{"line":7,"column":33},"end":{"line":7,"column":75}},"6":{"start":{"line":8,"column":24},"end":{"line":8,"column":66}},"7":{"start":{"line":9,"column":26},"end":{"line":9,"column":64}},"8":{"start":{"line":10,"column":15},"end":{"line":10,"column":31}},"9":{"start":{"line":12,"column":14},"end":{"line":12,"column":30}},"10":{"start":{"line":13,"column":13},"end":{"line":13,"column":28}},"11":{"start":{"line":15,"column":20},"end":{"line":20,"column":2}},"12":{"start":{"line":24,"column":4},"end":{"line":24,"column":17}},"13":{"start":{"line":25,"column":4},"end":{"line":25,"column":33}},"14":{"start":{"line":26,"column":4},"end":{"line":26,"column":75}},"15":{"start":{"line":27,"column":4},"end":{"line":27,"column":64}},"16":{"start":{"line":28,"column":4},"end":{"line":28,"column":56}},"17":{"start":{"line":34,"column":11},"end":{"line":103,"column":3}},"18":{"start":{"line":35,"column":4},"end":{"line":102,"column":5}},"19":{"start":{"line":36,"column":22},"end":{"line":45,"column":8}},"20":{"start":{"line":47,"column":6},"end":{"line":48,"column":79}},"21":{"start":{"line":48,"column":8},"end":{"line":48,"column":79}},"22":{"start":{"line":50,"column":32},"end":{"line":56,"column":8}},"23":{"start":{"line":57,"column":6},"end":{"line":57,"column":49}},"24":{"start":{"line":58,"column":26},"end":{"line":58,"column":36}},"25":{"start":{"line":59,"column":24},"end":{"line":59,"column":53}},"26":{"start":{"line":60,"column":22},"end":{"line":60,"column":49}},"27":{"start":{"line":62,"column":8},"end":{"line":62,"column":69}},"28":{"start":{"line":63,"column":24},"end":{"line":65,"column":58}},"29":{"start":{"line":67,"column":34},"end":{"line":90,"column":8}},"30":{"start":{"line":92,"column":6},"end":{"line":99,"column":8}},"31":{"start":{"line":101,"column":6},"end":{"line":101,"column":25}},"32":{"start":{"line":105,"column":12},"end":{"line":131,"column":3}},"33":{"start":{"line":106,"column":19},"end":{"line":106,"column":29}},"34":{"start":{"line":107,"column":4},"end":{"line":130,"column":5}},"35":{"start":{"line":108,"column":26},"end":{"line":108,"column":34}},"36":{"start":{"line":109,"column":20},"end":{"line":109,"column":48}},"37":{"start":{"line":111,"column":6},"end":{"line":113,"column":7}},"38":{"start":{"line":112,"column":8},"end":{"line":112,"column":62}},"39":{"start":{"line":114,"column":6},"end":{"line":114,"column":42}},"40":{"start":{"line":116,"column":24},"end":{"line":118,"column":8}},"41":{"start":{"line":120,"column":6},"end":{"line":127,"column":8}},"42":{"start":{"line":129,"column":6},"end":{"line":129,"column":25}},"43":{"start":{"line":133,"column":20},"end":{"line":168,"column":3}},"44":{"start":{"line":134,"column":19},"end":{"line":134,"column":29}},"45":{"start":{"line":135,"column":4},"end":{"line":167,"column":5}},"46":{"start":{"line":136,"column":20},"end":{"line":158,"column":8}},"47":{"start":{"line":160,"column":6},"end":{"line":162,"column":7}},"48":{"start":{"line":161,"column":8},"end":{"line":161,"column":60}},"49":{"start":{"line":164,"column":6},"end":{"line":164,"column":32}},"50":{"start":{"line":166,"column":6},"end":{"line":166,"column":25}},"51":{"start":{"line":171,"column":0},"end":{"line":171,"column":27}},"52":{"start":{"line":173,"column":0},"end":{"line":173,"column":24}}},"fnMap":{"0":{"name":"(anonymous_0)","decl":{"start":{"line":23,"column":2},"end":{"line":23,"column":3}},"loc":{"start":{"line":23,"column":21},"end":{"line":32,"column":3}},"line":23},"1":{"name":"(anonymous_1)","decl":{"start":{"line":34,"column":11},"end":{"line":34,"column":12}},"loc":{"start":{"line":34,"column":37},"end":{"line":103,"column":3}},"line":34},"2":{"name":"(anonymous_2)","decl":{"start":{"line":105,"column":12},"end":{"line":105,"column":13}},"loc":{"start":{"line":105,"column":38},"end":{"line":131,"column":3}},"line":105},"3":{"name":"(anonymous_3)","decl":{"start":{"line":133,"column":20},"end":{"line":133,"column":21}},"loc":{"start":{"line":133,"column":46},"end":{"line":168,"column":3}},"line":133}},"branchMap":{"0":{"loc":{"start":{"line":47,"column":6},"end":{"line":48,"column":79}},"type":"if","locations":[{"start":{"line":47,"column":6},"end":{"line":48,"column":79}},{"start":{},"end":{}}],"line":47},"1":{"loc":{"start":{"line":111,"column":6},"end":{"line":113,"column":7}},"type":"if","locations":[{"start":{"line":111,"column":6},"end":{"line":113,"column":7}},{"start":{},"end":{}}],"line":111},"2":{"loc":{"start":{"line":160,"column":6},"end":{"line":162,"column":7}},"type":"if","locations":[{"start":{"line":160,"column":6},"end":{"line":162,"column":7}},{"start":{},"end":{}}],"line":160}},"s":{"0":1,"1":1,"2":1,"3":1,"4":1,"5":1,"6":1,"7":1,"8":1,"9":1,"10":1,"11":1,"12":1,"13":1,"14":1,"15":1,"16":1,"17":1,"18":0,"19":0,"20":0,"21":0,"22":0,"23":0,"24":0,"25":0,"26":0,"27":0,"28":0,"29":0,"30":0,"31":0,"32":1,"33":0,"34":0,"35":0,"36":0,"37":0,"38":0,"39":0,"40":0,"41":0,"42":0,"43":1,"44":0,"45":0,"46":0,"47":0,"48":0,"49":0,"50":0,"51":1,"52":1},"f":{"0":1,"1":0,"2":0,"3":0},"b":{"0":[0,0],"1":[0,0],"2":[0,0]},"_coverageSchema":"1a1c01bbd47fc00a2c39e90264f33305004495a9","hash":"8445098759e3f0f6c492be7764adb85c087ef850"}
,"C:\\Users\\Localuser\\code\\nodejs\\src\\controllers\\upload\\index.js": {"path":"C:\\Users\\Localuser\\code\\nodejs\\src\\controllers\\upload\\index.js","statementMap":{"0":{"start":{"line":1,"column":23},"end":{"line":1,"column":41}},"1":{"start":{"line":2,"column":16},"end":{"line":2,"column":34}},"2":{"start":{"line":3,"column":25},"end":{"line":3,"column":60}},"3":{"start":{"line":4,"column":21},"end":{"line":4,"column":56}},"4":{"start":{"line":5,"column":15},"end":{"line":5,"column":31}},"5":{"start":{"line":11,"column":8},"end":{"line":11,"column":16}},"6":{"start":{"line":12,"column":8},"end":{"line":12,"column":61}},"7":{"start":{"line":13,"column":8},"end":{"line":13,"column":68}},"8":{"start":{"line":15,"column":13},"end":{"line":59,"column":5}},"9":{"start":{"line":16,"column":8},"end":{"line":58,"column":9}},"10":{"start":{"line":18,"column":29},"end":{"line":18,"column":32}},"11":{"start":{"line":19,"column":32},"end":{"line":29,"column":13}},"12":{"start":{"line":30,"column":12},"end":{"line":32,"column":13}},"13":{"start":{"line":31,"column":16},"end":{"line":31,"column":68}},"14":{"start":{"line":34,"column":31},"end":{"line":34,"column":61}},"15":{"start":{"line":35,"column":32},"end":{"line":35,"column":76}},"16":{"start":{"line":37,"column":31},"end":{"line":39,"column":14}},"17":{"start":{"line":42,"column":12},"end":{"line":55,"column":14}},"18":{"start":{"line":57,"column":12},"end":{"line":57,"column":20}},"19":{"start":{"line":61,"column":17},"end":{"line":95,"column":5}},"20":{"start":{"line":62,"column":8},"end":{"line":94,"column":9}},"21":{"start":{"line":64,"column":29},"end":{"line":64,"column":32}},"22":{"start":{"line":65,"column":32},"end":{"line":75,"column":13}},"23":{"start":{"line":76,"column":12},"end":{"line":78,"column":13}},"24":{"start":{"line":77,"column":16},"end":{"line":77,"column":68}},"25":{"start":{"line":80,"column":30},"end":{"line":80,"column":84}},"26":{"start":{"line":82,"column":12},"end":{"line":91,"column":13}},"27":{"start":{"line":93,"column":12},"end":{"line":93,"column":20}},"28":{"start":{"line":99,"column":0},"end":{"line":99,"column":20}},"29":{"start":{"line":101,"column":0},"end":{"line":101,"column":24}}},"fnMap":{"0":{"name":"(anonymous_0)","decl":{"start":{"line":10,"column":4},"end":{"line":10,"column":5}},"loc":{"start":{"line":10,"column":18},"end":{"line":14,"column":5}},"line":10},"1":{"name":"(anonymous_1)","decl":{"start":{"line":15,"column":13},"end":{"line":15,"column":14}},"loc":{"start":{"line":15,"column":39},"end":{"line":59,"column":5}},"line":15},"2":{"name":"(anonymous_2)","decl":{"start":{"line":61,"column":17},"end":{"line":61,"column":18}},"loc":{"start":{"line":61,"column":43},"end":{"line":95,"column":5}},"line":61}},"branchMap":{"0":{"loc":{"start":{"line":30,"column":12},"end":{"line":32,"column":13}},"type":"if","locations":[{"start":{"line":30,"column":12},"end":{"line":32,"column":13}},{"start":{},"end":{}}],"line":30},"1":{"loc":{"start":{"line":76,"column":12},"end":{"line":78,"column":13}},"type":"if","locations":[{"start":{"line":76,"column":12},"end":{"line":78,"column":13}},{"start":{},"end":{}}],"line":76},"2":{"loc":{"start":{"line":80,"column":30},"end":{"line":80,"column":84}},"type":"binary-expr","locations":[{"start":{"line":80,"column":30},"end":{"line":80,"column":61}},{"start":{"line":80,"column":65},"end":{"line":80,"column":84}}],"line":80}},"s":{"0":1,"1":1,"2":1,"3":1,"4":1,"5":1,"6":1,"7":1,"8":1,"9":0,"10":0,"11":0,"12":0,"13":0,"14":0,"15":0,"16":0,"17":0,"18":0,"19":1,"20":0,"21":0,"22":0,"23":0,"24":0,"25":0,"26":0,"27":0,"28":1,"29":1},"f":{"0":1,"1":0,"2":0},"b":{"0":[0,0],"1":[0,0],"2":[0,0]},"_coverageSchema":"1a1c01bbd47fc00a2c39e90264f33305004495a9","hash":"9fd735d891ca07c9b94eca982e1a06de027a0475"}
,"C:\\Users\\Localuser\\code\\nodejs\\src\\controllers\\users\\index.js": {"path":"C:\\Users\\Localuser\\code\\nodejs\\src\\controllers\\users\\index.js","statementMap":{"0":{"start":{"line":1,"column":12},"end":{"line":1,"column":26}},"1":{"start":{"line":3,"column":23},"end":{"line":3,"column":41}},"2":{"start":{"line":4,"column":18},"end":{"line":4,"column":47}},"3":{"start":{"line":5,"column":16},"end":{"line":5,"column":34}},"4":{"start":{"line":6,"column":24},"end":{"line":6,"column":66}},"5":{"start":{"line":7,"column":28},"end":{"line":7,"column":59}},"6":{"start":{"line":8,"column":33},"end":{"line":8,"column":75}},"7":{"start":{"line":9,"column":15},"end":{"line":9,"column":31}},"8":{"start":{"line":11,"column":13},"end":{"line":11,"column":28}},"9":{"start":{"line":13,"column":25},"end":{"line":24,"column":2}},"10":{"start":{"line":26,"column":25},"end":{"line":34,"column":2}},"11":{"start":{"line":38,"column":4},"end":{"line":38,"column":17}},"12":{"start":{"line":39,"column":4},"end":{"line":39,"column":33}},"13":{"start":{"line":40,"column":4},"end":{"line":40,"column":135}},"14":{"start":{"line":41,"column":4},"end":{"line":41,"column":33}},"15":{"start":{"line":42,"column":4},"end":{"line":42,"column":104}},"16":{"start":{"line":43,"column":4},"end":{"line":43,"column":39}},"17":{"start":{"line":46,"column":16},"end":{"line":68,"column":3}},"18":{"start":{"line":47,"column":24},"end":{"line":62,"column":6}},"19":{"start":{"line":64,"column":4},"end":{"line":65,"column":78}},"20":{"start":{"line":65,"column":6},"end":{"line":65,"column":78}},"21":{"start":{"line":67,"column":4},"end":{"line":67,"column":10}},"22":{"start":{"line":70,"column":12},"end":{"line":74,"column":3}},"23":{"start":{"line":71,"column":26},"end":{"line":71,"column":66}},"24":{"start":{"line":72,"column":4},"end":{"line":72,"column":38}},"25":{"start":{"line":73,"column":4},"end":{"line":73,"column":10}},"26":{"start":{"line":77,"column":0},"end":{"line":77,"column":25}},"27":{"start":{"line":79,"column":0},"end":{"line":79,"column":24}}},"fnMap":{"0":{"name":"(anonymous_0)","decl":{"start":{"line":37,"column":2},"end":{"line":37,"column":3}},"loc":{"start":{"line":37,"column":21},"end":{"line":44,"column":3}},"line":37},"1":{"name":"(anonymous_1)","decl":{"start":{"line":46,"column":16},"end":{"line":46,"column":17}},"loc":{"start":{"line":46,"column":42},"end":{"line":68,"column":3}},"line":46},"2":{"name":"(anonymous_2)","decl":{"start":{"line":70,"column":12},"end":{"line":70,"column":13}},"loc":{"start":{"line":70,"column":38},"end":{"line":74,"column":3}},"line":70}},"branchMap":{"0":{"loc":{"start":{"line":64,"column":4},"end":{"line":65,"column":78}},"type":"if","locations":[{"start":{"line":64,"column":4},"end":{"line":65,"column":78}},{"start":{},"end":{}}],"line":64}},"s":{"0":1,"1":1,"2":1,"3":1,"4":1,"5":1,"6":1,"7":1,"8":1,"9":1,"10":1,"11":1,"12":1,"13":1,"14":1,"15":1,"16":1,"17":1,"18":0,"19":0,"20":0,"21":0,"22":1,"23":0,"24":0,"25":0,"26":1,"27":1},"f":{"0":1,"1":0,"2":0},"b":{"0":[0,0]},"_coverageSchema":"1a1c01bbd47fc00a2c39e90264f33305004495a9","hash":"484b05b68efc7fde74f9a93728974406e317fb13"}
,"C:\\Users\\Localuser\\code\\nodejs\\src\\helpers\\bcrypt.js": {"path":"C:\\Users\\Localuser\\code\\nodejs\\src\\helpers\\bcrypt.js","statementMap":{"0":{"start":{"line":1,"column":15},"end":{"line":1,"column":34}},"1":{"start":{"line":2,"column":13},"end":{"line":2,"column":15}},"2":{"start":{"line":5,"column":19},"end":{"line":5,"column":71}},"3":{"start":{"line":6,"column":4},"end":{"line":6,"column":18}},"4":{"start":{"line":10,"column":19},"end":{"line":10,"column":65}},"5":{"start":{"line":11,"column":4},"end":{"line":11,"column":18}},"6":{"start":{"line":14,"column":0},"end":{"line":17,"column":1}}},"fnMap":{"0":{"name":"encryptPassword","decl":{"start":{"line":4,"column":15},"end":{"line":4,"column":30}},"loc":{"start":{"line":4,"column":40},"end":{"line":7,"column":1}},"line":4},"1":{"name":"checkPassword","decl":{"start":{"line":9,"column":15},"end":{"line":9,"column":28}},"loc":{"start":{"line":9,"column":55},"end":{"line":12,"column":1}},"line":9}},"branchMap":{},"s":{"0":1,"1":1,"2":2,"3":2,"4":1,"5":1,"6":1},"f":{"0":2,"1":1},"b":{},"_coverageSchema":"1a1c01bbd47fc00a2c39e90264f33305004495a9","hash":"993903ff3f047e0d19779091b1b613232d831604"}
,"C:\\Users\\Localuser\\code\\nodejs\\src\\helpers\\cloudinary.js": {"path":"C:\\Users\\Localuser\\code\\nodejs\\src\\helpers\\cloudinary.js","statementMap":{"0":{"start":{"line":1,"column":15},"end":{"line":1,"column":47}},"1":{"start":{"line":3,"column":29},"end":{"line":3,"column":53}},"2":{"start":{"line":4,"column":25},"end":{"line":8,"column":2}},"3":{"start":{"line":10,"column":0},"end":{"line":10,"column":48}}},"fnMap":{},"branchMap":{},"s":{"0":1,"1":1,"2":1,"3":1},"f":{},"b":{},"_coverageSchema":"1a1c01bbd47fc00a2c39e90264f33305004495a9","hash":"e5f47451cc55d45016e740d2b85c0cba0b5e216f"}
,"C:\\Users\\Localuser\\code\\nodejs\\src\\helpers\\createInvoice.js": {"path":"C:\\Users\\Localuser\\code\\nodejs\\src\\helpers\\createInvoice.js","statementMap":{"0":{"start":{"line":1,"column":11},"end":{"line":1,"column":24}},"1":{"start":{"line":2,"column":20},"end":{"line":2,"column":37}},"2":{"start":{"line":3,"column":13},"end":{"line":3,"column":28}},"3":{"start":{"line":6,"column":12},"end":{"line":6,"column":55}},"4":{"start":{"line":8,"column":2},"end":{"line":8,"column":22}},"5":{"start":{"line":9,"column":2},"end":{"line":9,"column":44}},"6":{"start":{"line":10,"column":2},"end":{"line":10,"column":37}},"7":{"start":{"line":11,"column":2},"end":{"line":11,"column":22}},"8":{"start":{"line":13,"column":2},"end":{"line":13,"column":12}},"9":{"start":{"line":14,"column":2},"end":{"line":14,"column":16}},"10":{"start":{"line":18,"column":2},"end":{"line":27,"column":16}},"11":{"start":{"line":31,"column":2},"end":{"line":34,"column":30}},"12":{"start":{"line":36,"column":2},"end":{"line":36,"column":23}},"13":{"start":{"line":38,"column":33},"end":{"line":38,"column":36}},"14":{"start":{"line":40,"column":2},"end":{"line":59,"column":16}},"15":{"start":{"line":61,"column":2},"end":{"line":61,"column":23}},"16":{"start":{"line":65,"column":26},"end":{"line":65,"column":29}},"17":{"start":{"line":67,"column":2},"end":{"line":67,"column":29}},"18":{"start":{"line":68,"column":2},"end":{"line":76,"column":4}},"19":{"start":{"line":77,"column":2},"end":{"line":77,"column":40}},"20":{"start":{"line":78,"column":2},"end":{"line":78,"column":24}},"21":{"start":{"line":80,"column":19},"end":{"line":80,"column":43}},"22":{"start":{"line":81,"column":2},"end":{"line":89,"column":4}},"23":{"start":{"line":91,"column":2},"end":{"line":91,"column":33}},"24":{"start":{"line":93,"column":27},"end":{"line":93,"column":51}},"25":{"start":{"line":94,"column":2},"end":{"line":102,"column":4}},"26":{"start":{"line":130,"column":2},"end":{"line":137,"column":6}},"27":{"start":{"line":149,"column":2},"end":{"line":155,"column":47}},"28":{"start":{"line":159,"column":2},"end":{"line":164,"column":14}},"29":{"start":{"line":168,"column":25},"end":{"line":171,"column":4}},"30":{"start":{"line":173,"column":2},"end":{"line":173,"column":37}},"31":{"start":{"line":177,"column":14},"end":{"line":177,"column":28}},"32":{"start":{"line":178,"column":16},"end":{"line":178,"column":35}},"33":{"start":{"line":179,"column":15},"end":{"line":179,"column":33}},"34":{"start":{"line":181,"column":2},"end":{"line":181,"column":40}},"35":{"start":{"line":184,"column":0},"end":{"line":186,"column":2}}},"fnMap":{"0":{"name":"createInvoice","decl":{"start":{"line":5,"column":9},"end":{"line":5,"column":22}},"loc":{"start":{"line":5,"column":37},"end":{"line":15,"column":1}},"line":5},"1":{"name":"generateHeader","decl":{"start":{"line":17,"column":9},"end":{"line":17,"column":23}},"loc":{"start":{"line":17,"column":29},"end":{"line":28,"column":1}},"line":17},"2":{"name":"generateCustomerInformation","decl":{"start":{"line":30,"column":9},"end":{"line":30,"column":36}},"loc":{"start":{"line":30,"column":51},"end":{"line":62,"column":1}},"line":30},"3":{"name":"generateInvoiceTable","decl":{"start":{"line":64,"column":9},"end":{"line":64,"column":29}},"loc":{"start":{"line":64,"column":44},"end":{"line":127,"column":1}},"line":64},"4":{"name":"generateFooter","decl":{"start":{"line":129,"column":9},"end":{"line":129,"column":23}},"loc":{"start":{"line":129,"column":29},"end":{"line":138,"column":1}},"line":129},"5":{"name":"generateTableRow","decl":{"start":{"line":140,"column":9},"end":{"line":140,"column":25}},"loc":{"start":{"line":148,"column":2},"end":{"line":156,"column":1}},"line":148},"6":{"name":"generateHr","decl":{"start":{"line":158,"column":9},"end":{"line":158,"column":19}},"loc":{"start":{"line":158,"column":28},"end":{"line":165,"column":1}},"line":158},"7":{"name":"formatCurrency","decl":{"start":{"line":167,"column":9},"end":{"line":167,"column":23}},"loc":{"start":{"line":167,"column":31},"end":{"line":174,"column":1}},"line":167},"8":{"name":"formatDate","decl":{"start":{"line":176,"column":9},"end":{"line":176,"column":19}},"loc":{"start":{"line":176,"column":26},"end":{"line":182,"column":1}},"line":176}},"branchMap":{},"s":{"0":1,"1":1,"2":1,"3":0,"4":0,"5":0,"6":0,"7":0,"8":0,"9":0,"10":0,"11":0,"12":0,"13":0,"14":0,"15":0,"16":0,"17":0,"18":0,"19":0,"20":0,"21":0,"22":0,"23":0,"24":0,"25":0,"26":0,"27":0,"28":0,"29":0,"30":0,"31":0,"32":0,"33":0,"34":0,"35":1},"f":{"0":0,"1":0,"2":0,"3":0,"4":0,"5":0,"6":0,"7":0,"8":0},"b":{},"_coverageSchema":"1a1c01bbd47fc00a2c39e90264f33305004495a9","hash":"67bd0465d9aa4c69b488f42f363d617a9f8b8b79"}
,"C:\\Users\\Localuser\\code\\nodejs\\src\\helpers\\jwt.js": {"path":"C:\\Users\\Localuser\\code\\nodejs\\src\\helpers\\jwt.js","statementMap":{"0":{"start":{"line":1,"column":12},"end":{"line":1,"column":35}},"1":{"start":{"line":2,"column":19},"end":{"line":2,"column":30}},"2":{"start":{"line":5,"column":4},"end":{"line":5,"column":61}},"3":{"start":{"line":9,"column":4},"end":{"line":9,"column":37}},"4":{"start":{"line":12,"column":0},"end":{"line":15,"column":2}}},"fnMap":{"0":{"name":"createToken","decl":{"start":{"line":4,"column":9},"end":{"line":4,"column":20}},"loc":{"start":{"line":4,"column":30},"end":{"line":6,"column":1}},"line":4},"1":{"name":"verifyToken","decl":{"start":{"line":8,"column":9},"end":{"line":8,"column":20}},"loc":{"start":{"line":8,"column":28},"end":{"line":10,"column":1}},"line":8}},"branchMap":{},"s":{"0":1,"1":1,"2":1,"3":0,"4":1},"f":{"0":1,"1":0},"b":{},"_coverageSchema":"1a1c01bbd47fc00a2c39e90264f33305004495a9","hash":"a3f4a0c22a1ed4637d20ad068ab5f6f48ae565dd"}
,"C:\\Users\\Localuser\\code\\nodejs\\src\\helpers\\xlsx.js": {"path":"C:\\Users\\Localuser\\code\\nodejs\\src\\helpers\\xlsx.js","statementMap":{"0":{"start":{"line":1,"column":11},"end":{"line":1,"column":26}},"1":{"start":{"line":4,"column":11},"end":{"line":4,"column":41}},"2":{"start":{"line":5,"column":11},"end":{"line":5,"column":32}},"3":{"start":{"line":7,"column":2},"end":{"line":7,"column":46}},"4":{"start":{"line":9,"column":12},"end":{"line":9,"column":62}},"5":{"start":{"line":11,"column":2},"end":{"line":11,"column":46}},"6":{"start":{"line":12,"column":2},"end":{"line":12,"column":34}},"7":{"start":{"line":16,"column":19},"end":{"line":16,"column":42}},"8":{"start":{"line":17,"column":15},"end":{"line":17,"column":80}},"9":{"start":{"line":18,"column":2},"end":{"line":18,"column":13}},"10":{"start":{"line":21,"column":0},"end":{"line":21,"column":43}}},"fnMap":{"0":{"name":"generateXLSX","decl":{"start":{"line":3,"column":9},"end":{"line":3,"column":21}},"loc":{"start":{"line":3,"column":39},"end":{"line":13,"column":1}},"line":3},"1":{"name":"readXLSX","decl":{"start":{"line":15,"column":9},"end":{"line":15,"column":17}},"loc":{"start":{"line":15,"column":24},"end":{"line":19,"column":1}},"line":15}},"branchMap":{},"s":{"0":1,"1":0,"2":0,"3":0,"4":0,"5":0,"6":0,"7":0,"8":0,"9":0,"10":1},"f":{"0":0,"1":0},"b":{},"_coverageSchema":"1a1c01bbd47fc00a2c39e90264f33305004495a9","hash":"461796736c7aa4c697b56274062905405b8fe7cc"}
,"C:\\Users\\Localuser\\code\\nodejs\\src\\helpers\\errors\\base.js": {"path":"C:\\Users\\Localuser\\code\\nodejs\\src\\helpers\\errors\\base.js","statementMap":{"0":{"start":{"line":3,"column":6},"end":{"line":3,"column":14}},"1":{"start":{"line":4,"column":6},"end":{"line":4,"column":35}},"2":{"start":{"line":5,"column":6},"end":{"line":5,"column":29}},"3":{"start":{"line":9,"column":2},"end":{"line":9,"column":28}}},"fnMap":{"0":{"name":"(anonymous_0)","decl":{"start":{"line":2,"column":4},"end":{"line":2,"column":5}},"loc":{"start":{"line":2,"column":37},"end":{"line":6,"column":5}},"line":2}},"branchMap":{},"s":{"0":0,"1":0,"2":0,"3":1},"f":{"0":0},"b":{},"_coverageSchema":"1a1c01bbd47fc00a2c39e90264f33305004495a9","hash":"e23a1273c4332abf3a07d78df731382a427cefc5"}
,"C:\\Users\\Localuser\\code\\nodejs\\src\\helpers\\errors\\index.js": {"path":"C:\\Users\\Localuser\\code\\nodejs\\src\\helpers\\errors\\index.js","statementMap":{"0":{"start":{"line":2,"column":0},"end":{"line":2,"column":36}},"1":{"start":{"line":3,"column":0},"end":{"line":3,"column":48}},"2":{"start":{"line":4,"column":0},"end":{"line":4,"column":44}},"3":{"start":{"line":5,"column":0},"end":{"line":5,"column":40}}},"fnMap":{},"branchMap":{},"s":{"0":1,"1":1,"2":1,"3":1},"f":{},"b":{},"_coverageSchema":"1a1c01bbd47fc00a2c39e90264f33305004495a9","hash":"a42e0fe83d0bcc2cd0df6823838e30d19a9be518"}
,"C:\\Users\\Localuser\\code\\nodejs\\src\\helpers\\errors\\notFound.js": {"path":"C:\\Users\\Localuser\\code\\nodejs\\src\\helpers\\errors\\notFound.js","statementMap":{"0":{"start":{"line":3,"column":6},"end":{"line":3,"column":14}},"1":{"start":{"line":4,"column":6},"end":{"line":4,"column":29}},"2":{"start":{"line":5,"column":6},"end":{"line":5,"column":28}},"3":{"start":{"line":6,"column":6},"end":{"line":6,"column":34}},"4":{"start":{"line":10,"column":2},"end":{"line":10,"column":32}}},"fnMap":{"0":{"name":"(anonymous_0)","decl":{"start":{"line":2,"column":4},"end":{"line":2,"column":5}},"loc":{"start":{"line":2,"column":44},"end":{"line":7,"column":5}},"line":2}},"branchMap":{"0":{"loc":{"start":{"line":2,"column":21},"end":{"line":2,"column":42}},"type":"default-arg","locations":[{"start":{"line":2,"column":31},"end":{"line":2,"column":42}}],"line":2},"1":{"loc":{"start":{"line":6,"column":19},"end":{"line":6,"column":33}},"type":"binary-expr","locations":[{"start":{"line":6,"column":19},"end":{"line":6,"column":22}},{"start":{"line":6,"column":26},"end":{"line":6,"column":33}}],"line":6}},"s":{"0":0,"1":0,"2":0,"3":0,"4":1},"f":{"0":0},"b":{"0":[0],"1":[0,0]},"_coverageSchema":"1a1c01bbd47fc00a2c39e90264f33305004495a9","hash":"dcbbb41ce7ed4e498ea923eed87cb4290410ec67"}
,"C:\\Users\\Localuser\\code\\nodejs\\src\\helpers\\errors\\server.js": {"path":"C:\\Users\\Localuser\\code\\nodejs\\src\\helpers\\errors\\server.js","statementMap":{"0":{"start":{"line":3,"column":6},"end":{"line":3,"column":14}},"1":{"start":{"line":4,"column":6},"end":{"line":4,"column":28}},"2":{"start":{"line":6,"column":6},"end":{"line":6,"column":45}},"3":{"start":{"line":7,"column":6},"end":{"line":7,"column":27}},"4":{"start":{"line":11,"column":2},"end":{"line":11,"column":30}}},"fnMap":{"0":{"name":"(anonymous_0)","decl":{"start":{"line":2,"column":4},"end":{"line":2,"column":5}},"loc":{"start":{"line":2,"column":51},"end":{"line":8,"column":5}},"line":2}},"branchMap":{"0":{"loc":{"start":{"line":2,"column":16},"end":{"line":2,"column":49}},"type":"default-arg","locations":[{"start":{"line":2,"column":26},"end":{"line":2,"column":49}}],"line":2}},"s":{"0":0,"1":0,"2":0,"3":0,"4":1},"f":{"0":0},"b":{"0":[0]},"_coverageSchema":"1a1c01bbd47fc00a2c39e90264f33305004495a9","hash":"46cf6ed13e58fe96661c963640102613a287093d"}
,"C:\\Users\\Localuser\\code\\nodejs\\src\\helpers\\errors\\validation.js": {"path":"C:\\Users\\Localuser\\code\\nodejs\\src\\helpers\\errors\\validation.js","statementMap":{"0":{"start":{"line":3,"column":6},"end":{"line":3,"column":14}},"1":{"start":{"line":4,"column":6},"end":{"line":4,"column":28}},"2":{"start":{"line":5,"column":6},"end":{"line":5,"column":29}},"3":{"start":{"line":9,"column":2},"end":{"line":9,"column":34}}},"fnMap":{"0":{"name":"(anonymous_0)","decl":{"start":{"line":2,"column":4},"end":{"line":2,"column":5}},"loc":{"start":{"line":2,"column":46},"end":{"line":6,"column":5}},"line":2}},"branchMap":{"0":{"loc":{"start":{"line":2,"column":16},"end":{"line":2,"column":44}},"type":"default-arg","locations":[{"start":{"line":2,"column":26},"end":{"line":2,"column":44}}],"line":2}},"s":{"0":0,"1":0,"2":0,"3":1},"f":{"0":0},"b":{"0":[0]},"_coverageSchema":"1a1c01bbd47fc00a2c39e90264f33305004495a9","hash":"77a87fd2a8eebaef82b5aca9fdb0645f307e7224"}
,"C:\\Users\\Localuser\\code\\nodejs\\src\\middlewares\\authorization.js": {"path":"C:\\Users\\Localuser\\code\\nodejs\\src\\middlewares\\authorization.js","statementMap":{"0":{"start":{"line":1,"column":15},"end":{"line":1,"column":45}},"1":{"start":{"line":2,"column":24},"end":{"line":2,"column":49}},"2":{"start":{"line":3,"column":18},"end":{"line":3,"column":44}},"3":{"start":{"line":4,"column":13},"end":{"line":4,"column":28}},"4":{"start":{"line":6,"column":4},"end":{"line":17,"column":5}},"5":{"start":{"line":7,"column":28},"end":{"line":7,"column":53}},"6":{"start":{"line":8,"column":8},"end":{"line":8,"column":82}},"7":{"start":{"line":8,"column":26},"end":{"line":8,"column":82}},"8":{"start":{"line":9,"column":22},"end":{"line":9,"column":47}},"9":{"start":{"line":10,"column":24},"end":{"line":10,"column":42}},"10":{"start":{"line":12,"column":8},"end":{"line":12,"column":49}},"11":{"start":{"line":13,"column":8},"end":{"line":13,"column":15}},"12":{"start":{"line":15,"column":8},"end":{"line":15,"column":23}},"13":{"start":{"line":16,"column":8},"end":{"line":16,"column":16}},"14":{"start":{"line":20,"column":4},"end":{"line":24,"column":5}},"15":{"start":{"line":21,"column":8},"end":{"line":22,"column":66}},"16":{"start":{"line":22,"column":12},"end":{"line":22,"column":66}},"17":{"start":{"line":23,"column":8},"end":{"line":23,"column":15}},"18":{"start":{"line":27,"column":0},"end":{"line":27,"column":41}}},"fnMap":{"0":{"name":"authorize","decl":{"start":{"line":5,"column":15},"end":{"line":5,"column":24}},"loc":{"start":{"line":5,"column":41},"end":{"line":18,"column":1}},"line":5},"1":{"name":"checkRole","decl":{"start":{"line":19,"column":10},"end":{"line":19,"column":19}},"loc":{"start":{"line":19,"column":27},"end":{"line":25,"column":1}},"line":19},"2":{"name":"(anonymous_2)","decl":{"start":{"line":20,"column":11},"end":{"line":20,"column":12}},"loc":{"start":{"line":20,"column":31},"end":{"line":24,"column":5}},"line":20}},"branchMap":{"0":{"loc":{"start":{"line":8,"column":8},"end":{"line":8,"column":82}},"type":"if","locations":[{"start":{"line":8,"column":8},"end":{"line":8,"column":82}},{"start":{},"end":{}}],"line":8},"1":{"loc":{"start":{"line":21,"column":8},"end":{"line":22,"column":66}},"type":"if","locations":[{"start":{"line":21,"column":8},"end":{"line":22,"column":66}},{"start":{},"end":{}}],"line":21}},"s":{"0":1,"1":1,"2":1,"3":1,"4":0,"5":0,"6":0,"7":0,"8":0,"9":0,"10":0,"11":0,"12":0,"13":0,"14":2,"15":0,"16":0,"17":0,"18":1},"f":{"0":0,"1":2,"2":0},"b":{"0":[0,0],"1":[0,0]},"_coverageSchema":"1a1c01bbd47fc00a2c39e90264f33305004495a9","hash":"01084f2159403654714d334bafe56fa8527478fc"}
,"C:\\Users\\Localuser\\code\\nodejs\\src\\middlewares\\errorHandler.js": {"path":"C:\\Users\\Localuser\\code\\nodejs\\src\\middlewares\\errorHandler.js","statementMap":{"0":{"start":{"line":2,"column":4},"end":{"line":2,"column":36}},"1":{"start":{"line":5,"column":42},"end":{"line":5,"column":45}},"2":{"start":{"line":10,"column":4},"end":{"line":14,"column":7}},"3":{"start":{"line":17,"column":2},"end":{"line":17,"column":31}}},"fnMap":{"0":{"name":"errorHandler","decl":{"start":{"line":1,"column":9},"end":{"line":1,"column":21}},"loc":{"start":{"line":1,"column":43},"end":{"line":15,"column":3}},"line":1}},"branchMap":{"0":{"loc":{"start":{"line":2,"column":18},"end":{"line":2,"column":34}},"type":"binary-expr","locations":[{"start":{"line":2,"column":18},"end":{"line":2,"column":27}},{"start":{"line":2,"column":31},"end":{"line":2,"column":34}}],"line":2},"1":{"loc":{"start":{"line":5,"column":12},"end":{"line":5,"column":28}},"type":"default-arg","locations":[{"start":{"line":5,"column":25},"end":{"line":5,"column":28}}],"line":5}},"s":{"0":0,"1":0,"2":0,"3":1},"f":{"0":0},"b":{"0":[0,0],"1":[0]},"_coverageSchema":"1a1c01bbd47fc00a2c39e90264f33305004495a9","hash":"3ca85e254ad6aaebb5964f50111fa3a573a540a9"}
,"C:\\Users\\Localuser\\code\\nodejs\\src\\middlewares\\rbac.js": {"path":"C:\\Users\\Localuser\\code\\nodejs\\src\\middlewares\\rbac.js","statementMap":{"0":{"start":{"line":5,"column":18},"end":{"line":5,"column":32}},"1":{"start":{"line":6,"column":20},"end":{"line":6,"column":47}},"2":{"start":{"line":7,"column":15},"end":{"line":7,"column":32}},"3":{"start":{"line":10,"column":4},"end":{"line":37,"column":5}},"4":{"start":{"line":11,"column":23},"end":{"line":11,"column":38}},"5":{"start":{"line":12,"column":8},"end":{"line":12,"column":27}},"6":{"start":{"line":13,"column":8},"end":{"line":13,"column":32}},"7":{"start":{"line":13,"column":26},"end":{"line":13,"column":32}},"8":{"start":{"line":19,"column":29},"end":{"line":33,"column":10}},"9":{"start":{"line":34,"column":8},"end":{"line":34,"column":33}},"10":{"start":{"line":35,"column":8},"end":{"line":35,"column":72}},"11":{"start":{"line":35,"column":27},"end":{"line":35,"column":72}},"12":{"start":{"line":36,"column":8},"end":{"line":36,"column":21}},"13":{"start":{"line":41,"column":0},"end":{"line":41,"column":22}}},"fnMap":{"0":{"name":"rbac","decl":{"start":{"line":9,"column":9},"end":{"line":9,"column":13}},"loc":{"start":{"line":9,"column":38},"end":{"line":39,"column":1}},"line":9},"1":{"name":"(anonymous_1)","decl":{"start":{"line":10,"column":11},"end":{"line":10,"column":12}},"loc":{"start":{"line":10,"column":37},"end":{"line":37,"column":5}},"line":10}},"branchMap":{"0":{"loc":{"start":{"line":13,"column":8},"end":{"line":13,"column":32}},"type":"if","locations":[{"start":{"line":13,"column":8},"end":{"line":13,"column":32}},{"start":{},"end":{}}],"line":13},"1":{"loc":{"start":{"line":35,"column":8},"end":{"line":35,"column":72}},"type":"if","locations":[{"start":{"line":35,"column":8},"end":{"line":35,"column":72}},{"start":{},"end":{}}],"line":35}},"s":{"0":1,"1":1,"2":1,"3":2,"4":0,"5":0,"6":0,"7":0,"8":0,"9":0,"10":0,"11":0,"12":0,"13":1},"f":{"0":2,"1":0},"b":{"0":[0,0],"1":[0,0]},"_coverageSchema":"1a1c01bbd47fc00a2c39e90264f33305004495a9","hash":"b430c0d2a9d442bdff7ff45b6439967a2e329dcb"}
,"C:\\Users\\Localuser\\code\\nodejs\\src\\middlewares\\upload.js": {"path":"C:\\Users\\Localuser\\code\\nodejs\\src\\middlewares\\upload.js","statementMap":{"0":{"start":{"line":1,"column":15},"end":{"line":1,"column":32}},"1":{"start":{"line":2,"column":13},"end":{"line":2,"column":28}},"2":{"start":{"line":4,"column":18},"end":{"line":4,"column":54}},"3":{"start":{"line":5,"column":19},"end":{"line":5,"column":50}},"4":{"start":{"line":7,"column":22},"end":{"line":7,"column":44}},"5":{"start":{"line":8,"column":20},"end":{"line":17,"column":2}},"6":{"start":{"line":10,"column":4},"end":{"line":10,"column":24}},"7":{"start":{"line":13,"column":4},"end":{"line":13,"column":21}},"8":{"start":{"line":14,"column":25},"end":{"line":14,"column":75}},"9":{"start":{"line":15,"column":4},"end":{"line":15,"column":83}},"10":{"start":{"line":19,"column":0},"end":{"line":22,"column":1}}},"fnMap":{"0":{"name":"(anonymous_0)","decl":{"start":{"line":9,"column":15},"end":{"line":9,"column":16}},"loc":{"start":{"line":9,"column":40},"end":{"line":11,"column":3}},"line":9},"1":{"name":"(anonymous_1)","decl":{"start":{"line":12,"column":12},"end":{"line":12,"column":13}},"loc":{"start":{"line":12,"column":37},"end":{"line":16,"column":3}},"line":12}},"branchMap":{},"s":{"0":1,"1":1,"2":1,"3":1,"4":1,"5":1,"6":0,"7":0,"8":0,"9":0,"10":1},"f":{"0":0,"1":0},"b":{},"_coverageSchema":"1a1c01bbd47fc00a2c39e90264f33305004495a9","hash":"9cfd8777ca7e90bc227a7a398fa81e2db01849e6"}
,"C:\\Users\\Localuser\\code\\nodejs\\src\\middlewares\\validation.js": {"path":"C:\\Users\\Localuser\\code\\nodejs\\src\\middlewares\\validation.js","statementMap":{"0":{"start":{"line":2,"column":2},"end":{"line":22,"column":3}},"1":{"start":{"line":3,"column":4},"end":{"line":21,"column":5}},"2":{"start":{"line":4,"column":20},"end":{"line":6,"column":32}},"3":{"start":{"line":7,"column":6},"end":{"line":9,"column":7}},"4":{"start":{"line":8,"column":8},"end":{"line":8,"column":44}},"5":{"start":{"line":11,"column":6},"end":{"line":11,"column":13}},"6":{"start":{"line":13,"column":21},"end":{"line":17,"column":8}},"7":{"start":{"line":14,"column":32},"end":{"line":14,"column":36}},"8":{"start":{"line":15,"column":21},"end":{"line":15,"column":40}},"9":{"start":{"line":16,"column":8},"end":{"line":16,"column":36}},"10":{"start":{"line":18,"column":6},"end":{"line":18,"column":25}},"11":{"start":{"line":20,"column":6},"end":{"line":20,"column":39}},"12":{"start":{"line":25,"column":0},"end":{"line":25,"column":28}}},"fnMap":{"0":{"name":"validation","decl":{"start":{"line":1,"column":9},"end":{"line":1,"column":19}},"loc":{"start":{"line":1,"column":27},"end":{"line":23,"column":1}},"line":1},"1":{"name":"(anonymous_1)","decl":{"start":{"line":2,"column":9},"end":{"line":2,"column":10}},"loc":{"start":{"line":2,"column":40},"end":{"line":22,"column":3}},"line":2},"2":{"name":"(anonymous_2)","decl":{"start":{"line":13,"column":38},"end":{"line":13,"column":39}},"loc":{"start":{"line":13,"column":46},"end":{"line":17,"column":7}},"line":13}},"branchMap":{"0":{"loc":{"start":{"line":7,"column":6},"end":{"line":9,"column":7}},"type":"if","locations":[{"start":{"line":7,"column":6},"end":{"line":9,"column":7}},{"start":{},"end":{}}],"line":7}},"s":{"0":7,"1":2,"2":2,"3":2,"4":0,"5":2,"6":0,"7":0,"8":0,"9":0,"10":0,"11":0,"12":1},"f":{"0":7,"1":2,"2":0},"b":{"0":[0,2]},"_coverageSchema":"1a1c01bbd47fc00a2c39e90264f33305004495a9","hash":"51c6ef0f994ed98fe55385f9a11e8fef6d4b5515"}
,"C:\\Users\\Localuser\\code\\nodejs\\src\\models\\access.js": {"path":"C:\\Users\\Localuser\\code\\nodejs\\src\\models\\access.js","statementMap":{"0":{"start":{"line":1,"column":18},"end":{"line":1,"column":36}},"1":{"start":{"line":6,"column":4},"end":{"line":6,"column":20}},"2":{"start":{"line":7,"column":4},"end":{"line":13,"column":6}},"3":{"start":{"line":17,"column":0},"end":{"line":17,"column":28}}},"fnMap":{"0":{"name":"(anonymous_0)","decl":{"start":{"line":5,"column":2},"end":{"line":5,"column":3}},"loc":{"start":{"line":5,"column":16},"end":{"line":14,"column":3}},"line":5}},"branchMap":{},"s":{"0":1,"1":1,"2":1,"3":1},"f":{"0":1},"b":{},"_coverageSchema":"1a1c01bbd47fc00a2c39e90264f33305004495a9","hash":"542aa9db96c01d0e8cebe9b597e91b71a73e194a"}
,"C:\\Users\\Localuser\\code\\nodejs\\src\\models\\cars.js": {"path":"C:\\Users\\Localuser\\code\\nodejs\\src\\models\\cars.js","statementMap":{"0":{"start":{"line":1,"column":18},"end":{"line":1,"column":36}},"1":{"start":{"line":6,"column":4},"end":{"line":6,"column":18}},"2":{"start":{"line":7,"column":4},"end":{"line":14,"column":6}},"3":{"start":{"line":18,"column":0},"end":{"line":18,"column":25}}},"fnMap":{"0":{"name":"(anonymous_0)","decl":{"start":{"line":5,"column":2},"end":{"line":5,"column":3}},"loc":{"start":{"line":5,"column":16},"end":{"line":15,"column":3}},"line":5}},"branchMap":{},"s":{"0":1,"1":2,"2":2,"3":1},"f":{"0":2},"b":{},"_coverageSchema":"1a1c01bbd47fc00a2c39e90264f33305004495a9","hash":"7d1fe09159124fda2672ec15079bd476a4274c25"}
,"C:\\Users\\Localuser\\code\\nodejs\\src\\models\\index.js": {"path":"C:\\Users\\Localuser\\code\\nodejs\\src\\models\\index.js","statementMap":{"0":{"start":{"line":1,"column":25},"end":{"line":1,"column":50}},"1":{"start":{"line":2,"column":15},"end":{"line":2,"column":33}},"2":{"start":{"line":8,"column":4},"end":{"line":8,"column":21}},"3":{"start":{"line":9,"column":4},"end":{"line":9,"column":31}},"4":{"start":{"line":12,"column":8},"end":{"line":33,"column":3}},"5":{"start":{"line":13,"column":74},"end":{"line":13,"column":75}},"6":{"start":{"line":14,"column":18},"end":{"line":22,"column":5}},"7":{"start":{"line":24,"column":31},"end":{"line":27,"column":6}},"8":{"start":{"line":29,"column":4},"end":{"line":32,"column":6}},"9":{"start":{"line":35,"column":12},"end":{"line":37,"column":3}},"10":{"start":{"line":36,"column":4},"end":{"line":36,"column":72}},"11":{"start":{"line":39,"column":11},"end":{"line":41,"column":3}},"12":{"start":{"line":40,"column":4},"end":{"line":40,"column":39}},"13":{"start":{"line":43,"column":8},"end":{"line":45,"column":3}},"14":{"start":{"line":44,"column":4},"end":{"line":44,"column":39}},"15":{"start":{"line":47,"column":12},"end":{"line":49,"column":3}},"16":{"start":{"line":48,"column":4},"end":{"line":48,"column":43}},"17":{"start":{"line":51,"column":11},"end":{"line":56,"column":3}},"18":{"start":{"line":52,"column":4},"end":{"line":55,"column":7}},"19":{"start":{"line":58,"column":11},"end":{"line":62,"column":3}},"20":{"start":{"line":59,"column":4},"end":{"line":61,"column":7}},"21":{"start":{"line":64,"column":10},"end":{"line":66,"column":3}},"22":{"start":{"line":65,"column":4},"end":{"line":65,"column":35}},"23":{"start":{"line":68,"column":16},"end":{"line":70,"column":3}},"24":{"start":{"line":69,"column":4},"end":{"line":69,"column":37}},"25":{"start":{"line":73,"column":0},"end":{"line":73,"column":27}}},"fnMap":{"0":{"name":"(anonymous_0)","decl":{"start":{"line":7,"column":2},"end":{"line":7,"column":3}},"loc":{"start":{"line":7,"column":21},"end":{"line":10,"column":3}},"line":7},"1":{"name":"(anonymous_1)","decl":{"start":{"line":12,"column":8},"end":{"line":12,"column":9}},"loc":{"start":{"line":12,"column":64},"end":{"line":33,"column":3}},"line":12},"2":{"name":"(anonymous_2)","decl":{"start":{"line":35,"column":12},"end":{"line":35,"column":13}},"loc":{"start":{"line":35,"column":34},"end":{"line":37,"column":3}},"line":35},"3":{"name":"(anonymous_3)","decl":{"start":{"line":39,"column":11},"end":{"line":39,"column":12}},"loc":{"start":{"line":39,"column":28},"end":{"line":41,"column":3}},"line":39},"4":{"name":"(anonymous_4)","decl":{"start":{"line":43,"column":8},"end":{"line":43,"column":9}},"loc":{"start":{"line":43,"column":18},"end":{"line":45,"column":3}},"line":43},"5":{"name":"(anonymous_5)","decl":{"start":{"line":47,"column":12},"end":{"line":47,"column":13}},"loc":{"start":{"line":47,"column":22},"end":{"line":49,"column":3}},"line":47},"6":{"name":"(anonymous_6)","decl":{"start":{"line":51,"column":11},"end":{"line":51,"column":12}},"loc":{"start":{"line":51,"column":25},"end":{"line":56,"column":3}},"line":51},"7":{"name":"(anonymous_7)","decl":{"start":{"line":58,"column":11},"end":{"line":58,"column":12}},"loc":{"start":{"line":58,"column":25},"end":{"line":62,"column":3}},"line":58},"8":{"name":"(anonymous_8)","decl":{"start":{"line":64,"column":10},"end":{"line":64,"column":11}},"loc":{"start":{"line":64,"column":27},"end":{"line":66,"column":3}},"line":64},"9":{"name":"(anonymous_9)","decl":{"start":{"line":68,"column":16},"end":{"line":68,"column":17}},"loc":{"start":{"line":68,"column":32},"end":{"line":70,"column":3}},"line":68}},"branchMap":{"0":{"loc":{"start":{"line":12,"column":17},"end":{"line":12,"column":27}},"type":"default-arg","locations":[{"start":{"line":12,"column":25},"end":{"line":12,"column":27}}],"line":12},"1":{"loc":{"start":{"line":12,"column":29},"end":{"line":12,"column":35}},"type":"default-arg","locations":[{"start":{"line":12,"column":33},"end":{"line":12,"column":35}}],"line":12},"2":{"loc":{"start":{"line":12,"column":37},"end":{"line":12,"column":57}},"type":"default-arg","locations":[{"start":{"line":12,"column":46},"end":{"line":12,"column":57}}],"line":12},"3":{"loc":{"start":{"line":13,"column":12},"end":{"line":13,"column":32}},"type":"default-arg","locations":[{"start":{"line":13,"column":21},"end":{"line":13,"column":32}}],"line":13},"4":{"loc":{"start":{"line":13,"column":34},"end":{"line":13,"column":47}},"type":"default-arg","locations":[{"start":{"line":13,"column":41},"end":{"line":13,"column":47}}],"line":13},"5":{"loc":{"start":{"line":13,"column":49},"end":{"line":13,"column":57}},"type":"default-arg","locations":[{"start":{"line":13,"column":56},"end":{"line":13,"column":57}}],"line":13},"6":{"loc":{"start":{"line":13,"column":59},"end":{"line":13,"column":69}},"type":"default-arg","locations":[{"start":{"line":13,"column":67},"end":{"line":13,"column":69}}],"line":13}},"s":{"0":1,"1":1,"2":7,"3":7,"4":7,"5":0,"6":0,"7":0,"8":0,"9":7,"10":0,"11":7,"12":2,"13":7,"14":1,"15":7,"16":0,"17":7,"18":0,"19":7,"20":0,"21":7,"22":0,"23":7,"24":0,"25":1},"f":{"0":7,"1":0,"2":0,"3":2,"4":1,"5":0,"6":0,"7":0,"8":0,"9":0},"b":{"0":[0],"1":[0],"2":[0],"3":[0],"4":[0],"5":[0],"6":[0]},"_coverageSchema":"1a1c01bbd47fc00a2c39e90264f33305004495a9","hash":"ec82e1d58f9eac4cbd457e8d3286d6ff572289d5"}
,"C:\\Users\\Localuser\\code\\nodejs\\src\\models\\order.js": {"path":"C:\\Users\\Localuser\\code\\nodejs\\src\\models\\order.js","statementMap":{"0":{"start":{"line":1,"column":18},"end":{"line":1,"column":36}},"1":{"start":{"line":6,"column":4},"end":{"line":6,"column":19}},"2":{"start":{"line":7,"column":4},"end":{"line":17,"column":6}},"3":{"start":{"line":21,"column":0},"end":{"line":21,"column":27}}},"fnMap":{"0":{"name":"(anonymous_0)","decl":{"start":{"line":5,"column":2},"end":{"line":5,"column":3}},"loc":{"start":{"line":5,"column":16},"end":{"line":18,"column":3}},"line":5}},"branchMap":{},"s":{"0":1,"1":1,"2":1,"3":1},"f":{"0":1},"b":{},"_coverageSchema":"1a1c01bbd47fc00a2c39e90264f33305004495a9","hash":"67d8b2ab0803e4cfeb16fa15a079bd981c344272"}
,"C:\\Users\\Localuser\\code\\nodejs\\src\\models\\users.js": {"path":"C:\\Users\\Localuser\\code\\nodejs\\src\\models\\users.js","statementMap":{"0":{"start":{"line":1,"column":18},"end":{"line":1,"column":36}},"1":{"start":{"line":6,"column":4},"end":{"line":6,"column":19}},"2":{"start":{"line":7,"column":4},"end":{"line":14,"column":6}},"3":{"start":{"line":18,"column":0},"end":{"line":18,"column":27}}},"fnMap":{"0":{"name":"(anonymous_0)","decl":{"start":{"line":5,"column":2},"end":{"line":5,"column":3}},"loc":{"start":{"line":5,"column":16},"end":{"line":15,"column":3}},"line":5}},"branchMap":{},"s":{"0":1,"1":3,"2":3,"3":1},"f":{"0":3},"b":{},"_coverageSchema":"1a1c01bbd47fc00a2c39e90264f33305004495a9","hash":"e10344a333e79095437efeafb1585f3b1a6fc09e"}
,"C:\\Users\\Localuser\\code\\nodejs\\src\\routes\\index.js": {"path":"C:\\Users\\Localuser\\code\\nodejs\\src\\routes\\index.js","statementMap":{"0":{"start":{"line":1,"column":45},"end":{"line":1,"column":70}},"1":{"start":{"line":2,"column":13},"end":{"line":2,"column":28}},"2":{"start":{"line":3,"column":16},"end":{"line":3,"column":34}},"3":{"start":{"line":4,"column":15},"end":{"line":4,"column":31}},"4":{"start":{"line":5,"column":18},"end":{"line":5,"column":47}},"5":{"start":{"line":6,"column":24},"end":{"line":6,"column":61}},"6":{"start":{"line":8,"column":0},"end":{"line":8,"column":75}},"7":{"start":{"line":9,"column":0},"end":{"line":9,"column":25}},"8":{"start":{"line":10,"column":0},"end":{"line":10,"column":27}},"9":{"start":{"line":11,"column":0},"end":{"line":11,"column":25}},"10":{"start":{"line":12,"column":0},"end":{"line":12,"column":27}},"11":{"start":{"line":13,"column":0},"end":{"line":13,"column":29}},"12":{"start":{"line":15,"column":0},"end":{"line":15,"column":24}}},"fnMap":{},"branchMap":{},"s":{"0":1,"1":1,"2":1,"3":1,"4":1,"5":1,"6":1,"7":1,"8":1,"9":1,"10":1,"11":1,"12":1},"f":{},"b":{},"_coverageSchema":"1a1c01bbd47fc00a2c39e90264f33305004495a9","hash":"c2501b21df61bd82e4cb08c61664cd88da8fce1f"}
}
